<?xml version="1.0" encoding="UTF-8"?>
<coverage generated="1491488215339" clover="3.2.0">
  <project timestamp="1491488215339" name="All files">
    <metrics statements="26" coveredstatements="25" conditionals="18" coveredconditionals="18" methods="19" coveredmethods="18" elements="63" coveredelements="61" complexity="0" loc="26" ncloc="26" packages="1" files="2" classes="2">
      <file name="App.jsx" path="C:\Temp\agl\agl_challenge-master\agl_challenge-master\src\app\components\App.jsx">
        <metrics statements="23" coveredstatements="22" conditionals="18" coveredconditionals="18" methods="17" coveredmethods="16"/>
        <line num="9" count="28" type="stmt"/>
        <line num="10" count="28" type="stmt"/>
        <line num="21" count="35" type="stmt"/>
        <line num="28" count="6" type="cond" truecount="2" falsecount="0"/>
        <line num="29" count="5" type="stmt"/>
        <line num="30" count="10" type="cond" truecount="2" falsecount="0"/>
        <line num="31" count="10" type="stmt"/>
        <line num="39" count="29" type="cond" truecount="2" falsecount="0"/>
        <line num="46" count="7" type="cond" truecount="4" falsecount="0"/>
        <line num="47" count="6" type="stmt"/>
        <line num="50" count="16" type="stmt"/>
        <line num="54" count="16" type="stmt"/>
        <line num="55" count="16" type="stmt"/>
        <line num="56" count="16" type="stmt"/>
        <line num="64" count="2" type="cond" truecount="4" falsecount="0"/>
        <line num="65" count="1" type="stmt"/>
        <line num="72" count="4" type="stmt"/>
        <line num="73" count="0" type="stmt"/>
        <line num="74" count="2" type="stmt"/>
        <line num="82" count="10" type="stmt"/>
        <line num="97" count="7" type="stmt"/>
        <line num="104" count="1" type="stmt"/>
        <line num="105" count="1" type="stmt"/>
      </file>
      <file name="Pet.jsx" path="C:\Temp\agl\agl_challenge-master\agl_challenge-master\src\app\components\Pet.jsx">
        <metrics statements="3" coveredstatements="3" conditionals="0" coveredconditionals="0" methods="2" coveredmethods="2"/>
        <line num="4" count="1" type="stmt"/>
        <line num="5" count="4" type="stmt"/>
        <line num="8" count="10" type="stmt"/>
      </file>
    </metrics>
  </project>
</coverage>
