{"C:\\Temp\\agl\\agl_challenge-master\\agl_challenge-master\\src\\app\\components\\App.jsx": {"path":"C:\\Temp\\agl\\agl_challenge-master\\agl_challenge-master\\src\\app\\components\\App.jsx","statementMap":{"0":{"start":{"line":9,"column":4},"end":{"line":9,"column":12}},"1":{"start":{"line":10,"column":4},"end":{"line":14,"column":5}},"2":{"start":{"line":21,"column":4},"end":{"line":21,"column":35}},"3":{"start":{"line":28,"column":4},"end":{"line":28,"column":34}},"4":{"start":{"line":28,"column":28},"end":{"line":28,"column":34}},"5":{"start":{"line":29,"column":4},"end":{"line":32,"column":10}},"6":{"start":{"line":30,"column":6},"end":{"line":30,"column":45}},"7":{"start":{"line":31,"column":6},"end":{"line":31,"column":20}},"8":{"start":{"line":39,"column":1},"end":{"line":39,"column":79}},"9":{"start":{"line":39,"column":39},"end":{"line":39,"column":57}},"10":{"start":{"line":39,"column":70},"end":{"line":39,"column":78}},"11":{"start":{"line":46,"column":4},"end":{"line":46,"column":48}},"12":{"start":{"line":46,"column":42},"end":{"line":46,"column":48}},"13":{"start":{"line":47,"column":4},"end":{"line":57,"column":31}},"14":{"start":{"line":50,"column":23},"end":{"line":50,"column":82}},"15":{"start":{"line":54,"column":20},"end":{"line":54,"column":46}},"16":{"start":{"line":55,"column":8},"end":{"line":55,"column":67}},"17":{"start":{"line":56,"column":8},"end":{"line":56,"column":20}},"18":{"start":{"line":64,"column":4},"end":{"line":64,"column":50}},"19":{"start":{"line":64,"column":43},"end":{"line":64,"column":50}},"20":{"start":{"line":65,"column":4},"end":{"line":68,"column":7}},"21":{"start":{"line":72,"column":4},"end":{"line":74,"column":70}},"22":{"start":{"line":73,"column":24},"end":{"line":73,"column":55}},"23":{"start":{"line":74,"column":22},"end":{"line":74,"column":68}},"24":{"start":{"line":82,"column":4},"end":{"line":93,"column":10}},"25":{"start":{"line":97,"column":4},"end":{"line":97,"column":51}},"26":{"start":{"line":104,"column":0},"end":{"line":106,"column":3}},"27":{"start":{"line":105,"column":2},"end":{"line":105,"column":50}}},"fnMap":{"0":{"name":"(anonymous_0)","decl":{"start":{"line":8,"column":2},"end":{"line":8,"column":3}},"loc":{"start":{"line":8,"column":21},"end":{"line":15,"column":3}},"line":8},"1":{"name":"(anonymous_1)","decl":{"start":{"line":20,"column":2},"end":{"line":20,"column":3}},"loc":{"start":{"line":20,"column":18},"end":{"line":22,"column":3}},"line":20},"2":{"name":"(anonymous_2)","decl":{"start":{"line":27,"column":2},"end":{"line":27,"column":3}},"loc":{"start":{"line":27,"column":18},"end":{"line":33,"column":3}},"line":27},"3":{"name":"(anonymous_3)","decl":{"start":{"line":29,"column":37},"end":{"line":29,"column":38}},"loc":{"start":{"line":29,"column":54},"end":{"line":32,"column":5}},"line":29},"4":{"name":"(anonymous_4)","decl":{"start":{"line":38,"column":0},"end":{"line":38,"column":1}},"loc":{"start":{"line":38,"column":20},"end":{"line":40,"column":1}},"line":38},"5":{"name":"(anonymous_5)","decl":{"start":{"line":39,"column":32},"end":{"line":39,"column":33}},"loc":{"start":{"line":39,"column":39},"end":{"line":39,"column":57}},"line":39},"6":{"name":"(anonymous_6)","decl":{"start":{"line":39,"column":63},"end":{"line":39,"column":64}},"loc":{"start":{"line":39,"column":70},"end":{"line":39,"column":78}},"line":39},"7":{"name":"(anonymous_7)","decl":{"start":{"line":45,"column":2},"end":{"line":45,"column":3}},"loc":{"start":{"line":45,"column":24},"end":{"line":58,"column":3}},"line":45},"8":{"name":"(anonymous_8)","decl":{"start":{"line":50,"column":14},"end":{"line":50,"column":15}},"loc":{"start":{"line":50,"column":23},"end":{"line":50,"column":82}},"line":50},"9":{"name":"(anonymous_9)","decl":{"start":{"line":53,"column":14},"end":{"line":53,"column":15}},"loc":{"start":{"line":53,"column":32},"end":{"line":57,"column":7}},"line":53},"10":{"name":"(anonymous_10)","decl":{"start":{"line":63,"column":2},"end":{"line":63,"column":3}},"loc":{"start":{"line":63,"column":21},"end":{"line":69,"column":3}},"line":63},"11":{"name":"(anonymous_11)","decl":{"start":{"line":71,"column":2},"end":{"line":71,"column":3}},"loc":{"start":{"line":71,"column":22},"end":{"line":75,"column":3}},"line":71},"12":{"name":"(anonymous_12)","decl":{"start":{"line":73,"column":12},"end":{"line":73,"column":13}},"loc":{"start":{"line":73,"column":24},"end":{"line":73,"column":55}},"line":73},"13":{"name":"(anonymous_13)","decl":{"start":{"line":74,"column":13},"end":{"line":74,"column":14}},"loc":{"start":{"line":74,"column":22},"end":{"line":74,"column":68}},"line":74},"14":{"name":"(anonymous_14)","decl":{"start":{"line":81,"column":2},"end":{"line":81,"column":3}},"loc":{"start":{"line":81,"column":11},"end":{"line":94,"column":3}},"line":81},"15":{"name":"(anonymous_15)","decl":{"start":{"line":96,"column":2},"end":{"line":96,"column":3}},"loc":{"start":{"line":96,"column":33},"end":{"line":98,"column":3}},"line":96},"16":{"name":"(anonymous_16)","decl":{"start":{"line":104,"column":46},"end":{"line":104,"column":47}},"loc":{"start":{"line":104,"column":57},"end":{"line":106,"column":1}},"line":104}},"branchMap":{"0":{"loc":{"start":{"line":28,"column":4},"end":{"line":28,"column":34}},"type":"if","locations":[{"start":{"line":28,"column":4},"end":{"line":28,"column":34}},{"start":{"line":28,"column":4},"end":{"line":28,"column":34}}],"line":28},"1":{"loc":{"start":{"line":30,"column":21},"end":{"line":30,"column":37}},"type":"binary-expr","locations":[{"start":{"line":30,"column":21},"end":{"line":30,"column":31}},{"start":{"line":30,"column":35},"end":{"line":30,"column":37}}],"line":30},"2":{"loc":{"start":{"line":39,"column":9},"end":{"line":39,"column":23}},"type":"binary-expr","locations":[{"start":{"line":39,"column":9},"end":{"line":39,"column":17}},{"start":{"line":39,"column":21},"end":{"line":39,"column":23}}],"line":39},"3":{"loc":{"start":{"line":46,"column":4},"end":{"line":46,"column":48}},"type":"if","locations":[{"start":{"line":46,"column":4},"end":{"line":46,"column":48}},{"start":{"line":46,"column":4},"end":{"line":46,"column":48}}],"line":46},"4":{"loc":{"start":{"line":46,"column":8},"end":{"line":46,"column":40}},"type":"binary-expr","locations":[{"start":{"line":46,"column":8},"end":{"line":46,"column":26}},{"start":{"line":46,"column":29},"end":{"line":46,"column":40}}],"line":46},"5":{"loc":{"start":{"line":64,"column":4},"end":{"line":64,"column":50}},"type":"if","locations":[{"start":{"line":64,"column":4},"end":{"line":64,"column":50}},{"start":{"line":64,"column":4},"end":{"line":64,"column":50}}],"line":64},"6":{"loc":{"start":{"line":64,"column":8},"end":{"line":64,"column":41}},"type":"binary-expr","locations":[{"start":{"line":64,"column":8},"end":{"line":64,"column":26}},{"start":{"line":64,"column":30},"end":{"line":64,"column":41}}],"line":64},"7":{"loc":{"start":{"line":86,"column":11},"end":{"line":90,"column":18}},"type":"cond-expr","locations":[{"start":{"line":86,"column":32},"end":{"line":86,"column":57}},{"start":{"line":87,"column":12},"end":{"line":90,"column":18}}],"line":86},"8":{"loc":{"start":{"line":87,"column":12},"end":{"line":90,"column":18}},"type":"cond-expr","locations":[{"start":{"line":87,"column":31},"end":{"line":87,"column":75}},{"start":{"line":87,"column":78},"end":{"line":90,"column":18}}],"line":87}},"s":{"0":28,"1":28,"2":35,"3":6,"4":1,"5":5,"6":10,"7":10,"8":19,"9":29,"10":18,"11":7,"12":1,"13":6,"14":16,"15":16,"16":16,"17":16,"18":2,"19":1,"20":1,"21":4,"22":0,"23":2,"24":10,"25":7,"26":1,"27":1},"f":{"0":28,"1":35,"2":6,"3":10,"4":19,"5":29,"6":18,"7":7,"8":16,"9":16,"10":2,"11":4,"12":0,"13":2,"14":10,"15":7,"16":1},"b":{"0":[1,5],"1":[10,2],"2":[19,2],"3":[1,6],"4":[7,6],"5":[1,1],"6":[2,1],"7":[5,5],"8":[3,2]},"_coverageSchema":"332fd63041d2c1bcb487cc26dd0d5f7d97098a6c","hash":"c95b42d5914e7ff174d49966289583a7385b4e5c"}
,"C:\\Temp\\agl\\agl_challenge-master\\agl_challenge-master\\src\\app\\components\\Pet.jsx": {"path":"C:\\Temp\\agl\\agl_challenge-master\\agl_challenge-master\\src\\app\\components\\Pet.jsx","statementMap":{"0":{"start":{"line":4,"column":17},"end":{"line":13,"column":1}},"1":{"start":{"line":5,"column":6},"end":{"line":11,"column":7}},"2":{"start":{"line":8,"column":40},"end":{"line":8,"column":79}}},"fnMap":{"0":{"name":"(anonymous_0)","decl":{"start":{"line":4,"column":17},"end":{"line":4,"column":18}},"loc":{"start":{"line":4,"column":26},"end":{"line":13,"column":1}},"line":4},"1":{"name":"(anonymous_1)","decl":{"start":{"line":8,"column":24},"end":{"line":8,"column":25}},"loc":{"start":{"line":8,"column":40},"end":{"line":8,"column":79}},"line":8}},"branchMap":{},"s":{"0":1,"1":4,"2":10},"f":{"0":4,"1":10},"b":{},"_coverageSchema":"332fd63041d2c1bcb487cc26dd0d5f7d97098a6c","hash":"818409938c27f43cc3c8ff70fe4310b5add801ca"}
}
