TN:
SF:C:\Temp\agl\agl_challenge-master\agl_challenge-master\src\app\components\App.jsx
FN:8,(anonymous_0)
FN:20,(anonymous_1)
FN:27,(anonymous_2)
FN:29,(anonymous_3)
FN:38,(anonymous_4)
FN:39,(anonymous_5)
FN:39,(anonymous_6)
FN:45,(anonymous_7)
FN:50,(anonymous_8)
FN:53,(anonymous_9)
FN:63,(anonymous_10)
FN:71,(anonymous_11)
FN:73,(anonymous_12)
FN:74,(anonymous_13)
FN:81,(anonymous_14)
FN:96,(anonymous_15)
FN:104,(anonymous_16)
FNF:17
FNH:16
FNDA:28,(anonymous_0)
FNDA:35,(anonymous_1)
FNDA:6,(anonymous_2)
FNDA:10,(anonymous_3)
FNDA:19,(anonymous_4)
FNDA:29,(anonymous_5)
FNDA:18,(anonymous_6)
FNDA:7,(anonymous_7)
FNDA:16,(anonymous_8)
FNDA:16,(anonymous_9)
FNDA:2,(anonymous_10)
FNDA:4,(anonymous_11)
FNDA:0,(anonymous_12)
FNDA:2,(anonymous_13)
FNDA:10,(anonymous_14)
FNDA:7,(anonymous_15)
FNDA:1,(anonymous_16)
DA:9,28
DA:10,28
DA:21,35
DA:28,6
DA:29,5
DA:30,10
DA:31,10
DA:39,29
DA:46,7
DA:47,6
DA:50,16
DA:54,16
DA:55,16
DA:56,16
DA:64,2
DA:65,1
DA:72,4
DA:73,0
DA:74,2
DA:82,10
DA:97,7
DA:104,1
DA:105,1
LF:23
LH:22
BRDA:28,0,0,1
BRDA:28,0,1,5
BRDA:30,1,0,10
BRDA:30,1,1,2
BRDA:39,2,0,19
BRDA:39,2,1,2
BRDA:46,3,0,1
BRDA:46,3,1,6
BRDA:46,4,0,7
BRDA:46,4,1,6
BRDA:64,5,0,1
BRDA:64,5,1,1
BRDA:64,6,0,2
BRDA:64,6,1,1
BRDA:86,7,0,5
BRDA:86,7,1,5
BRDA:87,8,0,3
BRDA:87,8,1,2
BRF:18
BRH:18
end_of_record
TN:
SF:C:\Temp\agl\agl_challenge-master\agl_challenge-master\src\app\components\Pet.jsx
FN:4,(anonymous_0)
FN:8,(anonymous_1)
FNF:2
FNH:2
FNDA:4,(anonymous_0)
FNDA:10,(anonymous_1)
DA:4,1
DA:5,4
DA:8,10
LF:3
LH:3
BRF:0
BRH:0
end_of_record
